2024-10-11 14:57:40,692 [main] INFO 8thJuneCoverFox - Opening Application
2024-10-11 14:57:41,789 [main] INFO 8thJuneCoverFox - Clicking on gender button
2024-10-11 14:57:42,931 [main] INFO 8thJuneCoverFox - Clicking on next button
2024-10-11 14:57:46,034 [main] INFO 8thJuneCoverFox - Handling Age
2024-10-11 14:57:47,113 [main] INFO 8thJuneCoverFox - Clicking on next button
2024-10-11 14:57:48,351 [main] INFO 8thJuneCoverFox - Entering pincode
2024-10-11 14:57:48,597 [main] INFO 8thJuneCoverFox - Entering mobile number
2024-10-11 14:57:49,718 [main] INFO 8thJuneCoverFox - Clicking on continue button
2024-10-11 14:57:53,136 [main] INFO 8thJuneCoverFox - Validating result
2024-10-11 14:57:53,424 [main] INFO 8thJuneCoverFox - Closing application
2024-10-11 15:07:04,678 [main] INFO 8thJuneCoverFox - Opening Application
2024-10-11 15:07:05,625 [main] INFO 8thJuneCoverFox - Clicking on gender button
2024-10-11 15:07:06,702 [main] INFO 8thJuneCoverFox - Clicking on next button
2024-10-11 15:07:08,898 [main] INFO 8thJuneCoverFox - Handling Age
2024-10-11 15:07:09,985 [main] INFO 8thJuneCoverFox - Clicking on next button
2024-10-11 15:07:11,186 [main] INFO 8thJuneCoverFox - Entering pincode
2024-10-11 15:07:11,367 [main] INFO 8thJuneCoverFox - Entering mobile number
2024-10-11 15:07:12,492 [main] INFO 8thJuneCoverFox - Clicking on continue button
2024-10-11 15:07:15,616 [main] INFO 8thJuneCoverFox - Validating result
2024-10-11 15:07:15,920 [main] INFO 8thJuneCoverFox - Closing application
2024-10-14 15:33:47,894 [main] INFO 8thJuneCoverFox - Opening Application
2024-10-14 15:33:48,617 [main] INFO 8thJuneCoverFox - Clicking on gender button
2024-10-14 15:33:49,772 [main] INFO 8thJuneCoverFox - Clicking on next button
2024-10-14 15:33:53,209 [main] INFO 8thJuneCoverFox - Handling Age
2024-10-14 15:33:54,302 [main] INFO 8thJuneCoverFox - Clicking on next button
2024-10-14 15:33:55,623 [main] INFO 8thJuneCoverFox - Entering pincode
2024-10-14 15:33:55,928 [main] INFO 8thJuneCoverFox - Entering mobile number
2024-10-14 15:33:57,043 [main] INFO 8thJuneCoverFox - Clicking on continue button
2024-10-14 15:34:00,189 [main] INFO 8thJuneCoverFox - Validating result
2024-10-14 15:34:00,417 [main] INFO 8thJuneCoverFox - Closing application
2024-10-14 18:54:19,315 [main] INFO 8thJuneCoverFox - Opening Application
2024-10-14 18:54:19,884 [main] INFO 8thJuneCoverFox - Clicking on gender button
2024-10-14 18:54:21,013 [main] INFO 8thJuneCoverFox - Clicking on next button
2024-10-14 18:54:23,449 [main] INFO 8thJuneCoverFox - Handling Age
2024-10-14 18:54:24,553 [main] INFO 8thJuneCoverFox - Clicking on next button
2024-10-14 18:54:25,797 [main] INFO 8thJuneCoverFox - Entering pincode
2024-10-14 18:54:25,972 [main] INFO 8thJuneCoverFox - Entering mobile number
2024-10-14 18:54:27,097 [main] INFO 8thJuneCoverFox - Clicking on continue button
2024-10-14 18:54:30,183 [main] INFO 8thJuneCoverFox - Validating result
2024-10-14 18:54:30,364 [main] INFO 8thJuneCoverFox - Closing application
2024-10-14 18:56:04,850 [main] INFO 8thJuneCoverFox - Opening Application
2024-10-14 18:56:05,387 [main] INFO 8thJuneCoverFox - Clicking on gender button
2024-10-14 18:56:06,515 [main] INFO 8thJuneCoverFox - Clicking on next button
2024-10-14 18:58:31,581 [main] INFO 8thJuneCoverFox - Opening Application
2024-10-14 18:58:32,386 [main] INFO 8thJuneCoverFox - Clicking on gender button
2024-10-14 18:59:32,817 [main] INFO 8thJuneCoverFox - Opening Application
2024-10-14 18:59:33,749 [main] INFO 8thJuneCoverFox - Clicking on gender button
2024-10-14 19:00:19,279 [main] INFO 8thJuneCoverFox - Opening Application
2024-10-14 19:00:19,807 [main] INFO 8thJuneCoverFox - Clicking on gender button
2024-10-14 19:00:20,911 [main] INFO 8thJuneCoverFox - Clicking on next button
2024-10-14 19:00:23,388 [main] INFO 8thJuneCoverFox - Handling Age
2024-10-14 19:00:24,498 [main] INFO 8thJuneCoverFox - Clicking on next button
2024-10-14 19:00:25,719 [main] INFO 8thJuneCoverFox - Entering pincode
2024-10-14 19:00:25,908 [main] INFO 8thJuneCoverFox - Entering mobile number
2024-10-14 19:00:27,028 [main] INFO 8thJuneCoverFox - Clicking on continue button
2024-10-14 19:00:30,127 [main] INFO 8thJuneCoverFox - Validating result
2024-10-14 19:00:30,315 [main] INFO 8thJuneCoverFox - Closing application
2024-10-16 17:29:27,092 [main] INFO 8thJuneCoverFox - Opening Application
2024-10-16 17:29:28,462 [main] INFO 8thJuneCoverFox - Clicking on gender button
2024-10-16 17:29:29,807 [main] INFO 8thJuneCoverFox - Clicking on next button
2024-10-16 17:31:35,023 [main] INFO 8thJuneCoverFox - Opening Application
2024-10-16 17:31:36,382 [main] INFO 8thJuneCoverFox - Clicking on gender button
2024-10-16 17:31:37,712 [main] INFO 8thJuneCoverFox - Clicking on next button
