2024-10-11 14:57:40,692 - 8thJuneCoverFox -INFO - Opening Application
2024-10-11 14:57:41,789 - 8thJuneCoverFox -INFO - Clicking on gender button
2024-10-11 14:57:42,931 - 8thJuneCoverFox -INFO - Clicking on next button
2024-10-11 14:57:46,034 - 8thJuneCoverFox -INFO - Handling Age
2024-10-11 14:57:47,113 - 8thJuneCoverFox -INFO - Clicking on next button
2024-10-11 14:57:48,351 - 8thJuneCoverFox -INFO - Entering pincode
2024-10-11 14:57:48,597 - 8thJuneCoverFox -INFO - Entering mobile number
2024-10-11 14:57:49,718 - 8thJuneCoverFox -INFO - Clicking on continue button
2024-10-11 14:57:53,136 - 8thJuneCoverFox -INFO - Validating result
2024-10-11 14:57:53,424 - 8thJuneCoverFox -INFO - Closing application
2024-10-11 15:07:04,678 - 8thJuneCoverFox -INFO - Opening Application
2024-10-11 15:07:05,625 - 8thJuneCoverFox -INFO - Clicking on gender button
2024-10-11 15:07:06,702 - 8thJuneCoverFox -INFO - Clicking on next button
2024-10-11 15:07:08,898 - 8thJuneCoverFox -INFO - Handling Age
2024-10-11 15:07:09,985 - 8thJuneCoverFox -INFO - Clicking on next button
2024-10-11 15:07:11,186 - 8thJuneCoverFox -INFO - Entering pincode
2024-10-11 15:07:11,367 - 8thJuneCoverFox -INFO - Entering mobile number
2024-10-11 15:07:12,492 - 8thJuneCoverFox -INFO - Clicking on continue button
2024-10-11 15:07:15,616 - 8thJuneCoverFox -INFO - Validating result
2024-10-11 15:07:15,920 - 8thJuneCoverFox -INFO - Closing application
2024-10-14 15:33:47,894 - 8thJuneCoverFox -INFO - Opening Application
2024-10-14 15:33:48,617 - 8thJuneCoverFox -INFO - Clicking on gender button
2024-10-14 15:33:49,772 - 8thJuneCoverFox -INFO - Clicking on next button
2024-10-14 15:33:53,209 - 8thJuneCoverFox -INFO - Handling Age
2024-10-14 15:33:54,302 - 8thJuneCoverFox -INFO - Clicking on next button
2024-10-14 15:33:55,623 - 8thJuneCoverFox -INFO - Entering pincode
2024-10-14 15:33:55,928 - 8thJuneCoverFox -INFO - Entering mobile number
2024-10-14 15:33:57,043 - 8thJuneCoverFox -INFO - Clicking on continue button
2024-10-14 15:34:00,189 - 8thJuneCoverFox -INFO - Validating result
2024-10-14 15:34:00,417 - 8thJuneCoverFox -INFO - Closing application
2024-10-14 18:54:19,315 - 8thJuneCoverFox -INFO - Opening Application
2024-10-14 18:54:19,884 - 8thJuneCoverFox -INFO - Clicking on gender button
2024-10-14 18:54:21,013 - 8thJuneCoverFox -INFO - Clicking on next button
2024-10-14 18:54:23,449 - 8thJuneCoverFox -INFO - Handling Age
2024-10-14 18:54:24,553 - 8thJuneCoverFox -INFO - Clicking on next button
2024-10-14 18:54:25,797 - 8thJuneCoverFox -INFO - Entering pincode
2024-10-14 18:54:25,972 - 8thJuneCoverFox -INFO - Entering mobile number
2024-10-14 18:54:27,097 - 8thJuneCoverFox -INFO - Clicking on continue button
2024-10-14 18:54:30,183 - 8thJuneCoverFox -INFO - Validating result
2024-10-14 18:54:30,364 - 8thJuneCoverFox -INFO - Closing application
2024-10-14 18:56:04,850 - 8thJuneCoverFox -INFO - Opening Application
2024-10-14 18:56:05,387 - 8thJuneCoverFox -INFO - Clicking on gender button
2024-10-14 18:56:06,515 - 8thJuneCoverFox -INFO - Clicking on next button
2024-10-14 18:58:31,581 - 8thJuneCoverFox -INFO - Opening Application
2024-10-14 18:58:32,386 - 8thJuneCoverFox -INFO - Clicking on gender button
2024-10-14 18:59:32,817 - 8thJuneCoverFox -INFO - Opening Application
2024-10-14 18:59:33,749 - 8thJuneCoverFox -INFO - Clicking on gender button
2024-10-14 19:00:19,279 - 8thJuneCoverFox -INFO - Opening Application
2024-10-14 19:00:19,807 - 8thJuneCoverFox -INFO - Clicking on gender button
2024-10-14 19:00:20,911 - 8thJuneCoverFox -INFO - Clicking on next button
2024-10-14 19:00:23,388 - 8thJuneCoverFox -INFO - Handling Age
2024-10-14 19:00:24,498 - 8thJuneCoverFox -INFO - Clicking on next button
2024-10-14 19:00:25,719 - 8thJuneCoverFox -INFO - Entering pincode
2024-10-14 19:00:25,908 - 8thJuneCoverFox -INFO - Entering mobile number
2024-10-14 19:00:27,028 - 8thJuneCoverFox -INFO - Clicking on continue button
2024-10-14 19:00:30,127 - 8thJuneCoverFox -INFO - Validating result
2024-10-14 19:00:30,315 - 8thJuneCoverFox -INFO - Closing application
2024-10-16 17:29:27,092 - 8thJuneCoverFox -INFO - Opening Application
2024-10-16 17:29:28,462 - 8thJuneCoverFox -INFO - Clicking on gender button
2024-10-16 17:29:29,807 - 8thJuneCoverFox -INFO - Clicking on next button
2024-10-16 17:31:35,023 - 8thJuneCoverFox -INFO - Opening Application
2024-10-16 17:31:36,382 - 8thJuneCoverFox -INFO - Clicking on gender button
2024-10-16 17:31:37,712 - 8thJuneCoverFox -INFO - Clicking on next button
